app/build/intermediates/manifest_merge_blame_file/debug/manifest-merger-blame-debug-report.txt
1<?xml version="1.0" encoding="utf-8"?>
2<manifest xmlns:android="http://schemas.android.com/apk/res/android"
3    package="com.obdelm327pro"
4    android:versionCode="31"
5    android:versionName="31.0" >
6
7    <uses-sdk
8        android:minSdkVersion="14"
8-->src\main\AndroidManifest.xml
9        android:targetSdkVersion="28" />
9-->src\main\AndroidManifest.xml
10
11    <uses-permission android:name="android.permission.INTERNET" />
11-->src\main\AndroidManifest.xml:4:5-66
11-->src\main\AndroidManifest.xml:4:22-64
12    <uses-permission android:name="android.permission.BLUETOOTH_ADMIN" />
12-->src\main\AndroidManifest.xml:5:5-74
12-->src\main\AndroidManifest.xml:5:22-71
13    <uses-permission android:name="android.permission.BLUETOOTH" />
13-->src\main\AndroidManifest.xml:6:5-68
13-->src\main\AndroidManifest.xml:6:22-65
14    <uses-permission android:name="android.permission.WAKE_LOCK" />
14-->src\main\AndroidManifest.xml:7:5-68
14-->src\main\AndroidManifest.xml:7:22-65
15    <uses-permission android:name="android.permission.ACCESS_WIFI_STATE" />
15-->src\main\AndroidManifest.xml:8:5-76
15-->src\main\AndroidManifest.xml:8:22-73
16
17    <application
17-->src\main\AndroidManifest.xml:10:5-37:19
18        android:name="android.support.multidex.MultiDexApplication"
19        android:allowBackup="true"
19-->src\main\AndroidManifest.xml:11:9-35
20        android:appComponentFactory="android.support.v4.app.CoreComponentFactory"
20-->[com.android.support:support-compat:28.0.0] AndroidManifest.xml:22:18-91
21        android:debuggable="true"
22        android:hardwareAccelerated="false"
22-->src\main\AndroidManifest.xml:15:9-44
23        android:icon="@drawable/logo_foreground"
23-->src\main\AndroidManifest.xml:12:9-49
24        android:label="@string/app_name"
24-->src\main\AndroidManifest.xml:13:9-41
25        android:largeHeap="true"
25-->src\main\AndroidManifest.xml:16:9-33
26        android:supportsRtl="true"
26-->src\main\AndroidManifest.xml:14:9-35
27        android:testOnly="true"
28        android:theme="@style/AppTheme" >
28-->src\main\AndroidManifest.xml:17:9-40
29        <activity
29-->src\main\AndroidManifest.xml:18:9-28:20
30            android:name="com.obdelm327pro.MainActivity"
30-->src\main\AndroidManifest.xml:19:13-41
31            android:configChanges="keyboardHidden|orientation|screenSize"
31-->src\main\AndroidManifest.xml:21:13-74
32            android:label="@string/app_name"
32-->src\main\AndroidManifest.xml:20:13-45
33            android:theme="@style/AppTheme.NoActionBar" >
33-->src\main\AndroidManifest.xml:22:13-56
34            <intent-filter>
34-->src\main\AndroidManifest.xml:23:13-27:29
35                <action android:name="android.intent.action.MAIN" />
35-->src\main\AndroidManifest.xml:24:17-69
35-->src\main\AndroidManifest.xml:24:25-66
36
37                <category android:name="android.intent.category.LAUNCHER" />
37-->src\main\AndroidManifest.xml:26:17-77
37-->src\main\AndroidManifest.xml:26:27-74
38            </intent-filter>
39        </activity>
40        <activity
40-->src\main\AndroidManifest.xml:30:9-32:52
41            android:name="com.obdelm327pro.DeviceListActivity"
41-->src\main\AndroidManifest.xml:30:19-69
42            android:configChanges="keyboardHidden|orientation|screenSize"
42-->src\main\AndroidManifest.xml:31:13-74
43            android:label="@string/select_device" />
43-->src\main\AndroidManifest.xml:32:13-50
44        <activity
44-->src\main\AndroidManifest.xml:34:9-36:54
45            android:name="com.obdelm327pro.Prefs"
45-->src\main\AndroidManifest.xml:34:19-56
46            android:configChanges="keyboardHidden|orientation|screenSize"
46-->src\main\AndroidManifest.xml:35:13-74
47            android:label="@string/action_settings" />
47-->src\main\AndroidManifest.xml:36:13-52
48    </application>
49
50</manifest>